<!DOCTYPE html>

<html>
  <head>
  <meta charset='utf-8'>
  <title>TestNG reports</title>

    <link type="text/css" href="testng-reports.css" rel="stylesheet" />
    <script type="text/javascript" src="jquery-1.7.1.min.js"></script>
    <script type="text/javascript" src="testng-reports.js"></script>
    <script type="text/javascript" src="https://www.google.com/jsapi"></script>
    <script type='text/javascript'>
      google.load('visualization', '1', {packages:['table']});
      google.setOnLoadCallback(drawTable);
      var suiteTableInitFunctions = new Array();
      var suiteTableData = new Array();
    </script>
    <!--
      <script type="text/javascript" src="jquery-ui/js/jquery-ui-1.8.16.custom.min.js"></script>
     -->
  </head>

  <body>
    <div class="top-banner-root">
      <span class="top-banner-title-font">Test results</span>
      <br/>
      <span class="top-banner-font-1">1 suite, 10 failed tests</span>
    </div> <!-- top-banner-root -->
    <div class="navigator-root">
      <div class="navigator-suite-header">
        <span>All suites</span>
        <a href="#" class="collapse-all-link" title="Collapse/expand all the suites">
          <img class="collapse-all-icon" src="collapseall.gif">
          </img> <!-- collapse-all-icon -->
        </a> <!-- collapse-all-link -->
      </div> <!-- navigator-suite-header -->
      <div class="suite">
        <div class="rounded-window">
          <div class="suite-header light-rounded-window-top">
            <a href="#" class="navigator-link" panel-name="suite-Default_suite">
              <span class="suite-name border-failed">Default suite</span>
            </a> <!-- navigator-link -->
          </div> <!-- suite-header light-rounded-window-top -->
          <div class="navigator-suite-content">
            <div class="suite-section-title">
              <span>Info</span>
            </div> <!-- suite-section-title -->
            <div class="suite-section-content">
              <ul>
                <li>
                  <a href="#" class="navigator-link " panel-name="test-xml-Default_suite">
                    <span>C:\Users\DineshKumar\AppData\Local\Temp\testng-eclipse--1969613606\testng-customsuite.xml</span>
                  </a> <!-- navigator-link  -->
                </li>
                <li>
                  <a href="#" class="navigator-link " panel-name="testlist-Default_suite">
                    <span class="test-stats">1 test</span>
                  </a> <!-- navigator-link  -->
                </li>
                <li>
                  <a href="#" class="navigator-link " panel-name="group-Default_suite">
                    <span>0 groups</span>
                  </a> <!-- navigator-link  -->
                </li>
                <li>
                  <a href="#" class="navigator-link " panel-name="times-Default_suite">
                    <span>Times</span>
                  </a> <!-- navigator-link  -->
                </li>
                <li>
                  <a href="#" class="navigator-link " panel-name="reporter-Default_suite">
                    <span>Reporter output</span>
                  </a> <!-- navigator-link  -->
                </li>
                <li>
                  <a href="#" class="navigator-link " panel-name="ignored-methods-Default_suite">
                    <span>Ignored methods</span>
                  </a> <!-- navigator-link  -->
                </li>
                <li>
                  <a href="#" class="navigator-link " panel-name="chronological-Default_suite">
                    <span>Chronological view</span>
                  </a> <!-- navigator-link  -->
                </li>
              </ul>
            </div> <!-- suite-section-content -->
            <div class="result-section">
              <div class="suite-section-title">
                <span>Results</span>
              </div> <!-- suite-section-title -->
              <div class="suite-section-content">
                <ul>
                  <li>
                    <span class="method-stats">12 methods, 10 failed,   2 passed</span>
                  </li>
                  <li>
                    <span class="method-list-title failed">Failed methods</span>
                    <span class="show-or-hide-methods failed">
                      <a href="#" panel-name="suite-Default_suite" class="hide-methods failed suite-Default_suite"> (hide)</a> <!-- hide-methods failed suite-Default_suite -->
                      <a href="#" panel-name="suite-Default_suite" class="show-methods failed suite-Default_suite"> (show)</a> <!-- show-methods failed suite-Default_suite -->
                    </span>
                    <div class="method-list-content failed suite-Default_suite">
                      <span>
                        <img width="3%" src="failed.png"/>
                        <a href="#" class="method navigator-link" panel-name="suite-Default_suite" title="CarInsurance_Testcases.TCGetCarQuote" hash-for-method="GetInusranceQuote({Driver Age=12, Driver Gender=Male, Email ID=abc@gmail.com, State=4, Year=1985, TestCase.No=4, Make=...)">GetInusranceQuote({Driver Age=12, Driver Gender=Male, Email ID=abc@gmail.com, State=4, Year=1985, TestCase.No=4, Make=...)</a> <!-- method navigator-link -->
                      </span>
                      <br/>
                      <span>
                        <img width="3%" src="failed.png"/>
                        <a href="#" class="method navigator-link" panel-name="suite-Default_suite" title="CarInsurance_Testcases.TCGetCarQuote" hash-for-method="GetInusranceQuote({Driver Age=30, Driver Gender=Female, Email ID=abc@xyz.com, State=4, Year=, TestCase.No=9, Make=3})">GetInusranceQuote({Driver Age=30, Driver Gender=Female, Email ID=abc@xyz.com, State=4, Year=, TestCase.No=9, Make=3})</a> <!-- method navigator-link -->
                      </span>
                      <br/>
                      <span>
                        <img width="3%" src="failed.png"/>
                        <a href="#" class="method navigator-link" panel-name="suite-Default_suite" title="CarInsurance_Testcases.TCGetCarQuote" hash-for-method="GetInusranceQuote({Driver Age=xxx, Driver Gender=Female, Email ID=xyz@abc.com, State=1, Year=1200, TestCase.No=8, Make...)">GetInusranceQuote({Driver Age=xxx, Driver Gender=Female, Email ID=xyz@abc.com, State=1, Year=1200, TestCase.No=8, Make...)</a> <!-- method navigator-link -->
                      </span>
                      <br/>
                      <span>
                        <img width="3%" src="failed.png"/>
                        <a href="#" class="method navigator-link" panel-name="suite-Default_suite" title="CarInsurance_Testcases.TCGetCarQuote" hash-for-method="GetInusranceQuote({Driver Age=0, Driver Gender=male, Email ID=abc@abc.com, State=2, Year=0, TestCase.No=7, Make=1})">GetInusranceQuote({Driver Age=0, Driver Gender=male, Email ID=abc@abc.com, State=2, Year=0, TestCase.No=7, Make=1})</a> <!-- method navigator-link -->
                      </span>
                      <br/>
                      <span>
                        <img width="3%" src="failed.png"/>
                        <a href="#" class="method navigator-link" panel-name="suite-Default_suite" title="CarInsurance_Testcases.TCGetCarQuote" hash-for-method="GetInusranceQuote({Driver Age=234, Driver Gender=male, Email ID=mju@gmail.com, State=3, Year=2012, TestCase.No=2, Make...)">GetInusranceQuote({Driver Age=234, Driver Gender=male, Email ID=mju@gmail.com, State=3, Year=2012, TestCase.No=2, Make...)</a> <!-- method navigator-link -->
                      </span>
                      <br/>
                      <span>
                        <img width="3%" src="failed.png"/>
                        <a href="#" class="method navigator-link" panel-name="suite-Default_suite" title="CarInsurance_Testcases.TCGetCarQuote" hash-for-method="GetInusranceQuote({Driver Age=23, Driver Gender=Female, Email ID=manju@gmail.com, State=2, Year=1920, TestCase.No=3, M...)">GetInusranceQuote({Driver Age=23, Driver Gender=Female, Email ID=manju@gmail.com, State=2, Year=1920, TestCase.No=3, M...)</a> <!-- method navigator-link -->
                      </span>
                      <br/>
                      <span>
                        <img width="3%" src="failed.png"/>
                        <a href="#" class="method navigator-link" panel-name="suite-Default_suite" title="CarInsurance_Testcases.TCGetCarQuote" hash-for-method="GetInusranceQuote({Driver Age=123, Driver Gender=male, Email ID=abc123@gmail.com, State=4, Year=abc, TestCase.No=6, Ma...)">GetInusranceQuote({Driver Age=123, Driver Gender=male, Email ID=abc123@gmail.com, State=4, Year=abc, TestCase.No=6, Ma...)</a> <!-- method navigator-link -->
                      </span>
                      <br/>
                      <span>
                        <img width="3%" src="failed.png"/>
                        <a href="#" class="method navigator-link" panel-name="suite-Default_suite" title="CarInsurance_Testcases.TCGetCarQuote" hash-for-method="GetInusranceQuote({Driver Age=33, Driver Gender=male, Email ID=, State=2, Year=2012, TestCase.No=10, Make=5})">GetInusranceQuote({Driver Age=33, Driver Gender=male, Email ID=, State=2, Year=2012, TestCase.No=10, Make=5})</a> <!-- method navigator-link -->
                      </span>
                      <br/>
                      <span>
                        <img width="3%" src="failed.png"/>
                        <a href="#" class="method navigator-link" panel-name="suite-Default_suite" title="CarInsurance_Testcases.TCGetCarQuote" hash-for-method="GetInusranceQuote({Driver Age=35, Driver Gender=Female, Email ID=manjugmail.com, State=5, Year=2014, TestCase.No=5, Ma...)">GetInusranceQuote({Driver Age=35, Driver Gender=Female, Email ID=manjugmail.com, State=5, Year=2014, TestCase.No=5, Ma...)</a> <!-- method navigator-link -->
                      </span>
                      <br/>
                      <span>
                        <img width="3%" src="failed.png"/>
                        <a href="#" class="method navigator-link" panel-name="suite-Default_suite" title="CarInsurance_Testcases.TCGetCarQuote" hash-for-method="GetInusranceQuote({Driver Age=20, Driver Gender=Female, Email ID=xyzabc@xyzabc.com, State=4, Year=, TestCase.No=11, Ma...)">GetInusranceQuote({Driver Age=20, Driver Gender=Female, Email ID=xyzabc@xyzabc.com, State=4, Year=, TestCase.No=11, Ma...)</a> <!-- method navigator-link -->
                      </span>
                      <br/>
                    </div> <!-- method-list-content failed suite-Default_suite -->
                  </li>
                  <li>
                    <span class="method-list-title passed">Passed methods</span>
                    <span class="show-or-hide-methods passed">
                      <a href="#" panel-name="suite-Default_suite" class="hide-methods passed suite-Default_suite"> (hide)</a> <!-- hide-methods passed suite-Default_suite -->
                      <a href="#" panel-name="suite-Default_suite" class="show-methods passed suite-Default_suite"> (show)</a> <!-- show-methods passed suite-Default_suite -->
                    </span>
                    <div class="method-list-content passed suite-Default_suite">
                      <span>
                        <img width="3%" src="passed.png"/>
                        <a href="#" class="method navigator-link" panel-name="suite-Default_suite" title="CarInsurance_Testcases.TCGetCarQuote" hash-for-method="GetInusranceQuote({Driver Age=45, Driver Gender=Female, Email ID=manju@gmail.com, State=1, Year=2000, TestCase.No=1, M...)">GetInusranceQuote({Driver Age=45, Driver Gender=Female, Email ID=manju@gmail.com, State=1, Year=2000, TestCase.No=1, M...)</a> <!-- method navigator-link -->
                      </span>
                      <br/>
                      <span>
                        <img width="3%" src="passed.png"/>
                        <a href="#" class="method navigator-link" panel-name="suite-Default_suite" title="CarInsurance_Testcases.TCGetCarQuote" hash-for-method="GetInusranceQuote({Driver Age=27, Driver Gender=Male, Email ID=appu@gmail.com, State=3, Year=2011, TestCase.No=12, Mak...)">GetInusranceQuote({Driver Age=27, Driver Gender=Male, Email ID=appu@gmail.com, State=3, Year=2011, TestCase.No=12, Mak...)</a> <!-- method navigator-link -->
                      </span>
                      <br/>
                    </div> <!-- method-list-content passed suite-Default_suite -->
                  </li>
                </ul>
              </div> <!-- suite-section-content -->
            </div> <!-- result-section -->
          </div> <!-- navigator-suite-content -->
        </div> <!-- rounded-window -->
      </div> <!-- suite -->
    </div> <!-- navigator-root -->
    <div class="wrapper">
      <div class="main-panel-root">
        <div panel-name="suite-Default_suite" class="panel Default_suite">
          <div class="suite-Default_suite-class-failed">
            <div class="main-panel-header rounded-window-top">
              <img src="failed.png"/>
              <span class="class-name">CarInsurance_Testcases.TCGetCarQuote</span>
            </div> <!-- main-panel-header rounded-window-top -->
            <div class="main-panel-content rounded-window-bottom">
              <div class="method">
                <div class="method-content">
                  <a name="GetInusranceQuote({Driver Age=12, Driver Gender=Male, Email ID=abc@gmail.com, State=4, Year=1985, TestCase.No=4, Make=...)">
                  </a> <!-- GetInusranceQuote({Driver Age=12, Driver Gender=Male, Email ID=abc@gmail.com, State=4, Year=1985, TestCase.No=4, Make=...) -->
                  <span class="method-name">GetInusranceQuote</span>
                  <span class="parameters">({Driver Age=12, Driver Gender=Male, Email ID=abc@gmail.com, State=4, Year=1985, TestCase.No=4, Make=4})</span>
                  <div class="stack-trace">java.lang.AssertionError: The application proceded for invalid entry in the Age field. The entered age is 12
 expected [true] but found [false]
	at org.testng.Assert.fail(Assert.java:93)
	at org.testng.Assert.failNotEquals(Assert.java:512)
	at org.testng.Assert.assertTrue(Assert.java:41)
	at CarInsurance_Testcases.TCGetCarQuote.GetInusranceQuote(TCGetCarQuote.java:128)
	at sun.reflect.NativeMethodAccessorImpl.invoke0(Native Method)
	at sun.reflect.NativeMethodAccessorImpl.invoke(Unknown Source)
	at sun.reflect.DelegatingMethodAccessorImpl.invoke(Unknown Source)
	at java.lang.reflect.Method.invoke(Unknown Source)
	at org.testng.internal.MethodInvocationHelper.invokeMethod(MethodInvocationHelper.java:108)
	at org.testng.internal.Invoker.invokeMethod(Invoker.java:661)
	at org.testng.internal.Invoker.invokeTestMethod(Invoker.java:869)
	at org.testng.internal.Invoker.invokeTestMethods(Invoker.java:1193)
	at org.testng.internal.TestMethodWorker.invokeTestMethods(TestMethodWorker.java:126)
	at org.testng.internal.TestMethodWorker.run(TestMethodWorker.java:109)
	at org.testng.TestRunner.privateRun(TestRunner.java:744)
	at org.testng.TestRunner.run(TestRunner.java:602)
	at org.testng.SuiteRunner.runTest(SuiteRunner.java:380)
	at org.testng.SuiteRunner.runSequentially(SuiteRunner.java:375)
	at org.testng.SuiteRunner.privateRun(SuiteRunner.java:340)
	at org.testng.SuiteRunner.run(SuiteRunner.java:289)
	at org.testng.SuiteRunnerWorker.runSuite(SuiteRunnerWorker.java:52)
	at org.testng.SuiteRunnerWorker.run(SuiteRunnerWorker.java:86)
	at org.testng.TestNG.runSuitesSequentially(TestNG.java:1301)
	at org.testng.TestNG.runSuitesLocally(TestNG.java:1226)
	at org.testng.TestNG.runSuites(TestNG.java:1144)
	at org.testng.TestNG.run(TestNG.java:1115)
	at org.testng.remote.AbstractRemoteTestNG.run(AbstractRemoteTestNG.java:132)
	at org.testng.remote.RemoteTestNG.initAndRun(RemoteTestNG.java:230)
	at org.testng.remote.RemoteTestNG.main(RemoteTestNG.java:76)

</div> <!-- stack-trace -->
                </div> <!-- method-content -->
              </div> <!-- method -->
              <div class="method">
                <div class="method-content">
                  <a name="GetInusranceQuote({Driver Age=30, Driver Gender=Female, Email ID=abc@xyz.com, State=4, Year=, TestCase.No=9, Make=3})">
                  </a> <!-- GetInusranceQuote({Driver Age=30, Driver Gender=Female, Email ID=abc@xyz.com, State=4, Year=, TestCase.No=9, Make=3}) -->
                  <span class="method-name">GetInusranceQuote</span>
                  <span class="parameters">({Driver Age=30, Driver Gender=Female, Email ID=abc@xyz.com, State=4, Year=, TestCase.No=9, Make=3})</span>
                  <div class="stack-trace">java.lang.AssertionError: The application proceded for invalid entry in the YEAR field. The entered year is 
 expected [true] but found [false]
	at org.testng.Assert.fail(Assert.java:93)
	at org.testng.Assert.failNotEquals(Assert.java:512)
	at org.testng.Assert.assertTrue(Assert.java:41)
	at CarInsurance_Testcases.TCGetCarQuote.GetInusranceQuote(TCGetCarQuote.java:126)
	at sun.reflect.NativeMethodAccessorImpl.invoke0(Native Method)
	at sun.reflect.NativeMethodAccessorImpl.invoke(Unknown Source)
	at sun.reflect.DelegatingMethodAccessorImpl.invoke(Unknown Source)
	at java.lang.reflect.Method.invoke(Unknown Source)
	at org.testng.internal.MethodInvocationHelper.invokeMethod(MethodInvocationHelper.java:108)
	at org.testng.internal.Invoker.invokeMethod(Invoker.java:661)
	at org.testng.internal.Invoker.invokeTestMethod(Invoker.java:869)
	at org.testng.internal.Invoker.invokeTestMethods(Invoker.java:1193)
	at org.testng.internal.TestMethodWorker.invokeTestMethods(TestMethodWorker.java:126)
	at org.testng.internal.TestMethodWorker.run(TestMethodWorker.java:109)
	at org.testng.TestRunner.privateRun(TestRunner.java:744)
	at org.testng.TestRunner.run(TestRunner.java:602)
	at org.testng.SuiteRunner.runTest(SuiteRunner.java:380)
	at org.testng.SuiteRunner.runSequentially(SuiteRunner.java:375)
	at org.testng.SuiteRunner.privateRun(SuiteRunner.java:340)
	at org.testng.SuiteRunner.run(SuiteRunner.java:289)
	at org.testng.SuiteRunnerWorker.runSuite(SuiteRunnerWorker.java:52)
	at org.testng.SuiteRunnerWorker.run(SuiteRunnerWorker.java:86)
	at org.testng.TestNG.runSuitesSequentially(TestNG.java:1301)
	at org.testng.TestNG.runSuitesLocally(TestNG.java:1226)
	at org.testng.TestNG.runSuites(TestNG.java:1144)
	at org.testng.TestNG.run(TestNG.java:1115)
	at org.testng.remote.AbstractRemoteTestNG.run(AbstractRemoteTestNG.java:132)
	at org.testng.remote.RemoteTestNG.initAndRun(RemoteTestNG.java:230)
	at org.testng.remote.RemoteTestNG.main(RemoteTestNG.java:76)

</div> <!-- stack-trace -->
                </div> <!-- method-content -->
              </div> <!-- method -->
              <div class="method">
                <div class="method-content">
                  <a name="GetInusranceQuote({Driver Age=xxx, Driver Gender=Female, Email ID=xyz@abc.com, State=1, Year=1200, TestCase.No=8, Make...)">
                  </a> <!-- GetInusranceQuote({Driver Age=xxx, Driver Gender=Female, Email ID=xyz@abc.com, State=1, Year=1200, TestCase.No=8, Make...) -->
                  <span class="method-name">GetInusranceQuote</span>
                  <span class="parameters">({Driver Age=xxx, Driver Gender=Female, Email ID=xyz@abc.com, State=1, Year=1200, TestCase.No=8, Make=2})</span>
                  <div class="stack-trace">org.openqa.selenium.NoSuchElementException: no such element: Unable to locate element: {&quot;method&quot;:&quot;xpath&quot;,&quot;selector&quot;:&quot;//*[@id=&apos;payment&apos;]&quot;}
  (Session info: chrome=61.0.3163.100)
  (Driver info: chromedriver=2.29.461591 (62ebf098771772160f391d75e589dc567915b233),platform=Windows NT 10.0.15063 x86_64) (WARNING: The server did not provide any stacktrace information)
Command duration or timeout: 30.06 seconds
For documentation on this error, please visit: http://seleniumhq.org/exceptions/no_such_element.html
Build info: version: &apos;unknown&apos;, revision: &apos;unknown&apos;, time: &apos;unknown&apos;
System info: host: &apos;TARAN&apos;, ip: &apos;192.168.1.105&apos;, os.name: &apos;Windows 10&apos;, os.arch: &apos;amd64&apos;, os.version: &apos;10.0&apos;, java.version: &apos;1.8.0_131&apos;
Driver info: org.openqa.selenium.chrome.ChromeDriver
Capabilities [{applicationCacheEnabled=false, rotatable=false, mobileEmulationEnabled=false, networkConnectionEnabled=false, chrome={chromedriverVersion=2.29.461591 (62ebf098771772160f391d75e589dc567915b233), userDataDir=C:\Users\DINESH~1\AppData\Local\Temp\scoped_dir11180_24749}, takesHeapSnapshot=true, pageLoadStrategy=normal, databaseEnabled=false, handlesAlerts=true, hasTouchScreen=false, version=61.0.3163.100, platform=XP, browserConnectionEnabled=false, nativeEvents=true, acceptSslCerts=true, locationContextEnabled=true, webStorageEnabled=true, browserName=chrome, takesScreenshot=true, javascriptEnabled=true, cssSelectorsEnabled=true, unexpectedAlertBehaviour=}]
Session ID: 2d3c9862973d5e0b4e2a33645d1b2abf
*** Element info: {Using=xpath, value=//*[@id=&apos;payment&apos;]}
	at sun.reflect.NativeConstructorAccessorImpl.newInstance0(Native Method)
	at sun.reflect.NativeConstructorAccessorImpl.newInstance(Unknown Source)
	at sun.reflect.DelegatingConstructorAccessorImpl.newInstance(Unknown Source)
	at java.lang.reflect.Constructor.newInstance(Unknown Source)
	at org.openqa.selenium.remote.ErrorHandler.createThrowable(ErrorHandler.java:215)
	at org.openqa.selenium.remote.ErrorHandler.throwIfResponseFailed(ErrorHandler.java:167)
	at org.openqa.selenium.remote.RemoteWebDriver.execute(RemoteWebDriver.java:671)
	at org.openqa.selenium.remote.RemoteWebDriver.findElement(RemoteWebDriver.java:410)
	at org.openqa.selenium.remote.RemoteWebDriver.findElementByXPath(RemoteWebDriver.java:509)
	at org.openqa.selenium.By$ByXPath.findElement(By.java:361)
	at org.openqa.selenium.remote.RemoteWebDriver.findElement(RemoteWebDriver.java:402)
	at org.openqa.selenium.support.pagefactory.DefaultElementLocator.findElement(DefaultElementLocator.java:69)
	at org.openqa.selenium.support.pagefactory.internal.LocatingElementHandler.invoke(LocatingElementHandler.java:38)
	at com.sun.proxy.$Proxy7.isDisplayed(Unknown Source)
	at Pages.GetQuote.ClickGetquote_Button(GetQuote.java:244)
	at CarInsurance_Testcases.TCGetCarQuote.GetInusranceQuote(TCGetCarQuote.java:45)
	at sun.reflect.NativeMethodAccessorImpl.invoke0(Native Method)
	at sun.reflect.NativeMethodAccessorImpl.invoke(Unknown Source)
	at sun.reflect.DelegatingMethodAccessorImpl.invoke(Unknown Source)
	at java.lang.reflect.Method.invoke(Unknown Source)
	at org.testng.internal.MethodInvocationHelper.invokeMethod(MethodInvocationHelper.java:108)
	at org.testng.internal.Invoker.invokeMethod(Invoker.java:661)
	at org.testng.internal.Invoker.invokeTestMethod(Invoker.java:869)
	at org.testng.internal.Invoker.invokeTestMethods(Invoker.java:1193)
	at org.testng.internal.TestMethodWorker.invokeTestMethods(TestMethodWorker.java:126)
	at org.testng.internal.TestMethodWorker.run(TestMethodWorker.java:109)
	at org.testng.TestRunner.privateRun(TestRunner.java:744)
	at org.testng.TestRunner.run(TestRunner.java:602)
	at org.testng.SuiteRunner.runTest(SuiteRunner.java:380)
	at org.testng.SuiteRunner.runSequentially(SuiteRunner.java:375)
	at org.testng.SuiteRunner.privateRun(SuiteRunner.java:340)
	at org.testng.SuiteRunner.run(SuiteRunner.java:289)
	at org.testng.SuiteRunnerWorker.runSuite(SuiteRunnerWorker.java:52)
	at org.testng.SuiteRunnerWorker.run(SuiteRunnerWorker.java:86)
	at org.testng.TestNG.runSuitesSequentially(TestNG.java:1301)
	at org.testng.TestNG.runSuitesLocally(TestNG.java:1226)
	at org.testng.TestNG.runSuites(TestNG.java:1144)
	at org.testng.TestNG.run(TestNG.java:1115)
	at org.testng.remote.AbstractRemoteTestNG.run(AbstractRemoteTestNG.java:132)
	at org.testng.remote.RemoteTestNG.initAndRun(RemoteTestNG.java:230)
	at org.testng.remote.RemoteTestNG.main(RemoteTestNG.java:76)

</div> <!-- stack-trace -->
                </div> <!-- method-content -->
              </div> <!-- method -->
              <div class="method">
                <div class="method-content">
                  <a name="GetInusranceQuote({Driver Age=0, Driver Gender=male, Email ID=abc@abc.com, State=2, Year=0, TestCase.No=7, Make=1})">
                  </a> <!-- GetInusranceQuote({Driver Age=0, Driver Gender=male, Email ID=abc@abc.com, State=2, Year=0, TestCase.No=7, Make=1}) -->
                  <span class="method-name">GetInusranceQuote</span>
                  <span class="parameters">({Driver Age=0, Driver Gender=male, Email ID=abc@abc.com, State=2, Year=0, TestCase.No=7, Make=1})</span>
                  <div class="stack-trace">java.lang.AssertionError: The application proceded for invalid entry in the YEAR field. The entered year is 0
 expected [true] but found [false]
	at org.testng.Assert.fail(Assert.java:93)
	at org.testng.Assert.failNotEquals(Assert.java:512)
	at org.testng.Assert.assertTrue(Assert.java:41)
	at CarInsurance_Testcases.TCGetCarQuote.GetInusranceQuote(TCGetCarQuote.java:126)
	at sun.reflect.NativeMethodAccessorImpl.invoke0(Native Method)
	at sun.reflect.NativeMethodAccessorImpl.invoke(Unknown Source)
	at sun.reflect.DelegatingMethodAccessorImpl.invoke(Unknown Source)
	at java.lang.reflect.Method.invoke(Unknown Source)
	at org.testng.internal.MethodInvocationHelper.invokeMethod(MethodInvocationHelper.java:108)
	at org.testng.internal.Invoker.invokeMethod(Invoker.java:661)
	at org.testng.internal.Invoker.invokeTestMethod(Invoker.java:869)
	at org.testng.internal.Invoker.invokeTestMethods(Invoker.java:1193)
	at org.testng.internal.TestMethodWorker.invokeTestMethods(TestMethodWorker.java:126)
	at org.testng.internal.TestMethodWorker.run(TestMethodWorker.java:109)
	at org.testng.TestRunner.privateRun(TestRunner.java:744)
	at org.testng.TestRunner.run(TestRunner.java:602)
	at org.testng.SuiteRunner.runTest(SuiteRunner.java:380)
	at org.testng.SuiteRunner.runSequentially(SuiteRunner.java:375)
	at org.testng.SuiteRunner.privateRun(SuiteRunner.java:340)
	at org.testng.SuiteRunner.run(SuiteRunner.java:289)
	at org.testng.SuiteRunnerWorker.runSuite(SuiteRunnerWorker.java:52)
	at org.testng.SuiteRunnerWorker.run(SuiteRunnerWorker.java:86)
	at org.testng.TestNG.runSuitesSequentially(TestNG.java:1301)
	at org.testng.TestNG.runSuitesLocally(TestNG.java:1226)
	at org.testng.TestNG.runSuites(TestNG.java:1144)
	at org.testng.TestNG.run(TestNG.java:1115)
	at org.testng.remote.AbstractRemoteTestNG.run(AbstractRemoteTestNG.java:132)
	at org.testng.remote.RemoteTestNG.initAndRun(RemoteTestNG.java:230)
	at org.testng.remote.RemoteTestNG.main(RemoteTestNG.java:76)

</div> <!-- stack-trace -->
                </div> <!-- method-content -->
              </div> <!-- method -->
              <div class="method">
                <div class="method-content">
                  <a name="GetInusranceQuote({Driver Age=234, Driver Gender=male, Email ID=mju@gmail.com, State=3, Year=2012, TestCase.No=2, Make...)">
                  </a> <!-- GetInusranceQuote({Driver Age=234, Driver Gender=male, Email ID=mju@gmail.com, State=3, Year=2012, TestCase.No=2, Make...) -->
                  <span class="method-name">GetInusranceQuote</span>
                  <span class="parameters">({Driver Age=234, Driver Gender=male, Email ID=mju@gmail.com, State=3, Year=2012, TestCase.No=2, Make=2})</span>
                  <div class="stack-trace">java.lang.AssertionError: The application proceded for invalid entry in the Age field. The entered age is 234
 expected [true] but found [false]
	at org.testng.Assert.fail(Assert.java:93)
	at org.testng.Assert.failNotEquals(Assert.java:512)
	at org.testng.Assert.assertTrue(Assert.java:41)
	at CarInsurance_Testcases.TCGetCarQuote.GetInusranceQuote(TCGetCarQuote.java:128)
	at sun.reflect.NativeMethodAccessorImpl.invoke0(Native Method)
	at sun.reflect.NativeMethodAccessorImpl.invoke(Unknown Source)
	at sun.reflect.DelegatingMethodAccessorImpl.invoke(Unknown Source)
	at java.lang.reflect.Method.invoke(Unknown Source)
	at org.testng.internal.MethodInvocationHelper.invokeMethod(MethodInvocationHelper.java:108)
	at org.testng.internal.Invoker.invokeMethod(Invoker.java:661)
	at org.testng.internal.Invoker.invokeTestMethod(Invoker.java:869)
	at org.testng.internal.Invoker.invokeTestMethods(Invoker.java:1193)
	at org.testng.internal.TestMethodWorker.invokeTestMethods(TestMethodWorker.java:126)
	at org.testng.internal.TestMethodWorker.run(TestMethodWorker.java:109)
	at org.testng.TestRunner.privateRun(TestRunner.java:744)
	at org.testng.TestRunner.run(TestRunner.java:602)
	at org.testng.SuiteRunner.runTest(SuiteRunner.java:380)
	at org.testng.SuiteRunner.runSequentially(SuiteRunner.java:375)
	at org.testng.SuiteRunner.privateRun(SuiteRunner.java:340)
	at org.testng.SuiteRunner.run(SuiteRunner.java:289)
	at org.testng.SuiteRunnerWorker.runSuite(SuiteRunnerWorker.java:52)
	at org.testng.SuiteRunnerWorker.run(SuiteRunnerWorker.java:86)
	at org.testng.TestNG.runSuitesSequentially(TestNG.java:1301)
	at org.testng.TestNG.runSuitesLocally(TestNG.java:1226)
	at org.testng.TestNG.runSuites(TestNG.java:1144)
	at org.testng.TestNG.run(TestNG.java:1115)
	at org.testng.remote.AbstractRemoteTestNG.run(AbstractRemoteTestNG.java:132)
	at org.testng.remote.RemoteTestNG.initAndRun(RemoteTestNG.java:230)
	at org.testng.remote.RemoteTestNG.main(RemoteTestNG.java:76)

</div> <!-- stack-trace -->
                </div> <!-- method-content -->
              </div> <!-- method -->
              <div class="method">
                <div class="method-content">
                  <a name="GetInusranceQuote({Driver Age=23, Driver Gender=Female, Email ID=manju@gmail.com, State=2, Year=1920, TestCase.No=3, M...)">
                  </a> <!-- GetInusranceQuote({Driver Age=23, Driver Gender=Female, Email ID=manju@gmail.com, State=2, Year=1920, TestCase.No=3, M...) -->
                  <span class="method-name">GetInusranceQuote</span>
                  <span class="parameters">({Driver Age=23, Driver Gender=Female, Email ID=manju@gmail.com, State=2, Year=1920, TestCase.No=3, Make=3})</span>
                  <div class="stack-trace">java.lang.AssertionError: The application proceded for invalid entry in the YEAR field. The entered year is 1920
 expected [true] but found [false]
	at org.testng.Assert.fail(Assert.java:93)
	at org.testng.Assert.failNotEquals(Assert.java:512)
	at org.testng.Assert.assertTrue(Assert.java:41)
	at CarInsurance_Testcases.TCGetCarQuote.GetInusranceQuote(TCGetCarQuote.java:126)
	at sun.reflect.NativeMethodAccessorImpl.invoke0(Native Method)
	at sun.reflect.NativeMethodAccessorImpl.invoke(Unknown Source)
	at sun.reflect.DelegatingMethodAccessorImpl.invoke(Unknown Source)
	at java.lang.reflect.Method.invoke(Unknown Source)
	at org.testng.internal.MethodInvocationHelper.invokeMethod(MethodInvocationHelper.java:108)
	at org.testng.internal.Invoker.invokeMethod(Invoker.java:661)
	at org.testng.internal.Invoker.invokeTestMethod(Invoker.java:869)
	at org.testng.internal.Invoker.invokeTestMethods(Invoker.java:1193)
	at org.testng.internal.TestMethodWorker.invokeTestMethods(TestMethodWorker.java:126)
	at org.testng.internal.TestMethodWorker.run(TestMethodWorker.java:109)
	at org.testng.TestRunner.privateRun(TestRunner.java:744)
	at org.testng.TestRunner.run(TestRunner.java:602)
	at org.testng.SuiteRunner.runTest(SuiteRunner.java:380)
	at org.testng.SuiteRunner.runSequentially(SuiteRunner.java:375)
	at org.testng.SuiteRunner.privateRun(SuiteRunner.java:340)
	at org.testng.SuiteRunner.run(SuiteRunner.java:289)
	at org.testng.SuiteRunnerWorker.runSuite(SuiteRunnerWorker.java:52)
	at org.testng.SuiteRunnerWorker.run(SuiteRunnerWorker.java:86)
	at org.testng.TestNG.runSuitesSequentially(TestNG.java:1301)
	at org.testng.TestNG.runSuitesLocally(TestNG.java:1226)
	at org.testng.TestNG.runSuites(TestNG.java:1144)
	at org.testng.TestNG.run(TestNG.java:1115)
	at org.testng.remote.AbstractRemoteTestNG.run(AbstractRemoteTestNG.java:132)
	at org.testng.remote.RemoteTestNG.initAndRun(RemoteTestNG.java:230)
	at org.testng.remote.RemoteTestNG.main(RemoteTestNG.java:76)

</div> <!-- stack-trace -->
                </div> <!-- method-content -->
              </div> <!-- method -->
              <div class="method">
                <div class="method-content">
                  <a name="GetInusranceQuote({Driver Age=123, Driver Gender=male, Email ID=abc123@gmail.com, State=4, Year=abc, TestCase.No=6, Ma...)">
                  </a> <!-- GetInusranceQuote({Driver Age=123, Driver Gender=male, Email ID=abc123@gmail.com, State=4, Year=abc, TestCase.No=6, Ma...) -->
                  <span class="method-name">GetInusranceQuote</span>
                  <span class="parameters">({Driver Age=123, Driver Gender=male, Email ID=abc123@gmail.com, State=4, Year=abc, TestCase.No=6, Make=5})</span>
                  <div class="stack-trace">java.lang.AssertionError: The application proceded for invalid entry in the YEAR field. The entered year is abc
 expected [true] but found [false]
	at org.testng.Assert.fail(Assert.java:93)
	at org.testng.Assert.failNotEquals(Assert.java:512)
	at org.testng.Assert.assertTrue(Assert.java:41)
	at CarInsurance_Testcases.TCGetCarQuote.GetInusranceQuote(TCGetCarQuote.java:126)
	at sun.reflect.NativeMethodAccessorImpl.invoke0(Native Method)
	at sun.reflect.NativeMethodAccessorImpl.invoke(Unknown Source)
	at sun.reflect.DelegatingMethodAccessorImpl.invoke(Unknown Source)
	at java.lang.reflect.Method.invoke(Unknown Source)
	at org.testng.internal.MethodInvocationHelper.invokeMethod(MethodInvocationHelper.java:108)
	at org.testng.internal.Invoker.invokeMethod(Invoker.java:661)
	at org.testng.internal.Invoker.invokeTestMethod(Invoker.java:869)
	at org.testng.internal.Invoker.invokeTestMethods(Invoker.java:1193)
	at org.testng.internal.TestMethodWorker.invokeTestMethods(TestMethodWorker.java:126)
	at org.testng.internal.TestMethodWorker.run(TestMethodWorker.java:109)
	at org.testng.TestRunner.privateRun(TestRunner.java:744)
	at org.testng.TestRunner.run(TestRunner.java:602)
	at org.testng.SuiteRunner.runTest(SuiteRunner.java:380)
	at org.testng.SuiteRunner.runSequentially(SuiteRunner.java:375)
	at org.testng.SuiteRunner.privateRun(SuiteRunner.java:340)
	at org.testng.SuiteRunner.run(SuiteRunner.java:289)
	at org.testng.SuiteRunnerWorker.runSuite(SuiteRunnerWorker.java:52)
	at org.testng.SuiteRunnerWorker.run(SuiteRunnerWorker.java:86)
	at org.testng.TestNG.runSuitesSequentially(TestNG.java:1301)
	at org.testng.TestNG.runSuitesLocally(TestNG.java:1226)
	at org.testng.TestNG.runSuites(TestNG.java:1144)
	at org.testng.TestNG.run(TestNG.java:1115)
	at org.testng.remote.AbstractRemoteTestNG.run(AbstractRemoteTestNG.java:132)
	at org.testng.remote.RemoteTestNG.initAndRun(RemoteTestNG.java:230)
	at org.testng.remote.RemoteTestNG.main(RemoteTestNG.java:76)

</div> <!-- stack-trace -->
                </div> <!-- method-content -->
              </div> <!-- method -->
              <div class="method">
                <div class="method-content">
                  <a name="GetInusranceQuote({Driver Age=33, Driver Gender=male, Email ID=, State=2, Year=2012, TestCase.No=10, Make=5})">
                  </a> <!-- GetInusranceQuote({Driver Age=33, Driver Gender=male, Email ID=, State=2, Year=2012, TestCase.No=10, Make=5}) -->
                  <span class="method-name">GetInusranceQuote</span>
                  <span class="parameters">({Driver Age=33, Driver Gender=male, Email ID=, State=2, Year=2012, TestCase.No=10, Make=5})</span>
                  <div class="stack-trace">java.lang.AssertionError: The application proceded inspite of invalid entry in the EMAIL field. The entered email is 
 expected [true] but found [false]
	at org.testng.Assert.fail(Assert.java:93)
	at org.testng.Assert.failNotEquals(Assert.java:512)
	at org.testng.Assert.assertTrue(Assert.java:41)
	at CarInsurance_Testcases.TCGetCarQuote.GetInusranceQuote(TCGetCarQuote.java:130)
	at sun.reflect.NativeMethodAccessorImpl.invoke0(Native Method)
	at sun.reflect.NativeMethodAccessorImpl.invoke(Unknown Source)
	at sun.reflect.DelegatingMethodAccessorImpl.invoke(Unknown Source)
	at java.lang.reflect.Method.invoke(Unknown Source)
	at org.testng.internal.MethodInvocationHelper.invokeMethod(MethodInvocationHelper.java:108)
	at org.testng.internal.Invoker.invokeMethod(Invoker.java:661)
	at org.testng.internal.Invoker.invokeTestMethod(Invoker.java:869)
	at org.testng.internal.Invoker.invokeTestMethods(Invoker.java:1193)
	at org.testng.internal.TestMethodWorker.invokeTestMethods(TestMethodWorker.java:126)
	at org.testng.internal.TestMethodWorker.run(TestMethodWorker.java:109)
	at org.testng.TestRunner.privateRun(TestRunner.java:744)
	at org.testng.TestRunner.run(TestRunner.java:602)
	at org.testng.SuiteRunner.runTest(SuiteRunner.java:380)
	at org.testng.SuiteRunner.runSequentially(SuiteRunner.java:375)
	at org.testng.SuiteRunner.privateRun(SuiteRunner.java:340)
	at org.testng.SuiteRunner.run(SuiteRunner.java:289)
	at org.testng.SuiteRunnerWorker.runSuite(SuiteRunnerWorker.java:52)
	at org.testng.SuiteRunnerWorker.run(SuiteRunnerWorker.java:86)
	at org.testng.TestNG.runSuitesSequentially(TestNG.java:1301)
	at org.testng.TestNG.runSuitesLocally(TestNG.java:1226)
	at org.testng.TestNG.runSuites(TestNG.java:1144)
	at org.testng.TestNG.run(TestNG.java:1115)
	at org.testng.remote.AbstractRemoteTestNG.run(AbstractRemoteTestNG.java:132)
	at org.testng.remote.RemoteTestNG.initAndRun(RemoteTestNG.java:230)
	at org.testng.remote.RemoteTestNG.main(RemoteTestNG.java:76)

</div> <!-- stack-trace -->
                </div> <!-- method-content -->
              </div> <!-- method -->
              <div class="method">
                <div class="method-content">
                  <a name="GetInusranceQuote({Driver Age=35, Driver Gender=Female, Email ID=manjugmail.com, State=5, Year=2014, TestCase.No=5, Ma...)">
                  </a> <!-- GetInusranceQuote({Driver Age=35, Driver Gender=Female, Email ID=manjugmail.com, State=5, Year=2014, TestCase.No=5, Ma...) -->
                  <span class="method-name">GetInusranceQuote</span>
                  <span class="parameters">({Driver Age=35, Driver Gender=Female, Email ID=manjugmail.com, State=5, Year=2014, TestCase.No=5, Make=1})</span>
                  <div class="stack-trace">java.lang.AssertionError: expected [Enter Valid Email.Email entered is :manjugmail.com] but found []
	at org.testng.Assert.fail(Assert.java:93)
	at org.testng.Assert.failNotEquals(Assert.java:512)
	at org.testng.Assert.assertEqualsImpl(Assert.java:134)
	at org.testng.Assert.assertEquals(Assert.java:115)
	at org.testng.Assert.assertEquals(Assert.java:189)
	at org.testng.Assert.assertEquals(Assert.java:199)
	at CarInsurance_Testcases.TCGetCarQuote.GetInusranceQuote(TCGetCarQuote.java:112)
	at sun.reflect.NativeMethodAccessorImpl.invoke0(Native Method)
	at sun.reflect.NativeMethodAccessorImpl.invoke(Unknown Source)
	at sun.reflect.DelegatingMethodAccessorImpl.invoke(Unknown Source)
	at java.lang.reflect.Method.invoke(Unknown Source)
	at org.testng.internal.MethodInvocationHelper.invokeMethod(MethodInvocationHelper.java:108)
	at org.testng.internal.Invoker.invokeMethod(Invoker.java:661)
	at org.testng.internal.Invoker.invokeTestMethod(Invoker.java:869)
	at org.testng.internal.Invoker.invokeTestMethods(Invoker.java:1193)
	at org.testng.internal.TestMethodWorker.invokeTestMethods(TestMethodWorker.java:126)
	at org.testng.internal.TestMethodWorker.run(TestMethodWorker.java:109)
	at org.testng.TestRunner.privateRun(TestRunner.java:744)
	at org.testng.TestRunner.run(TestRunner.java:602)
	at org.testng.SuiteRunner.runTest(SuiteRunner.java:380)
	at org.testng.SuiteRunner.runSequentially(SuiteRunner.java:375)
	at org.testng.SuiteRunner.privateRun(SuiteRunner.java:340)
	at org.testng.SuiteRunner.run(SuiteRunner.java:289)
	at org.testng.SuiteRunnerWorker.runSuite(SuiteRunnerWorker.java:52)
	at org.testng.SuiteRunnerWorker.run(SuiteRunnerWorker.java:86)
	at org.testng.TestNG.runSuitesSequentially(TestNG.java:1301)
	at org.testng.TestNG.runSuitesLocally(TestNG.java:1226)
	at org.testng.TestNG.runSuites(TestNG.java:1144)
	at org.testng.TestNG.run(TestNG.java:1115)
	at org.testng.remote.AbstractRemoteTestNG.run(AbstractRemoteTestNG.java:132)
	at org.testng.remote.RemoteTestNG.initAndRun(RemoteTestNG.java:230)
	at org.testng.remote.RemoteTestNG.main(RemoteTestNG.java:76)

</div> <!-- stack-trace -->
                </div> <!-- method-content -->
              </div> <!-- method -->
              <div class="method">
                <div class="method-content">
                  <a name="GetInusranceQuote({Driver Age=20, Driver Gender=Female, Email ID=xyzabc@xyzabc.com, State=4, Year=, TestCase.No=11, Ma...)">
                  </a> <!-- GetInusranceQuote({Driver Age=20, Driver Gender=Female, Email ID=xyzabc@xyzabc.com, State=4, Year=, TestCase.No=11, Ma...) -->
                  <span class="method-name">GetInusranceQuote</span>
                  <span class="parameters">({Driver Age=20, Driver Gender=Female, Email ID=xyzabc@xyzabc.com, State=4, Year=, TestCase.No=11, Make=4})</span>
                  <div class="stack-trace">java.lang.AssertionError: The application proceded for invalid entry in the YEAR field. The entered year is 
 expected [true] but found [false]
	at org.testng.Assert.fail(Assert.java:93)
	at org.testng.Assert.failNotEquals(Assert.java:512)
	at org.testng.Assert.assertTrue(Assert.java:41)
	at CarInsurance_Testcases.TCGetCarQuote.GetInusranceQuote(TCGetCarQuote.java:126)
	at sun.reflect.NativeMethodAccessorImpl.invoke0(Native Method)
	at sun.reflect.NativeMethodAccessorImpl.invoke(Unknown Source)
	at sun.reflect.DelegatingMethodAccessorImpl.invoke(Unknown Source)
	at java.lang.reflect.Method.invoke(Unknown Source)
	at org.testng.internal.MethodInvocationHelper.invokeMethod(MethodInvocationHelper.java:108)
	at org.testng.internal.Invoker.invokeMethod(Invoker.java:661)
	at org.testng.internal.Invoker.invokeTestMethod(Invoker.java:869)
	at org.testng.internal.Invoker.invokeTestMethods(Invoker.java:1193)
	at org.testng.internal.TestMethodWorker.invokeTestMethods(TestMethodWorker.java:126)
	at org.testng.internal.TestMethodWorker.run(TestMethodWorker.java:109)
	at org.testng.TestRunner.privateRun(TestRunner.java:744)
	at org.testng.TestRunner.run(TestRunner.java:602)
	at org.testng.SuiteRunner.runTest(SuiteRunner.java:380)
	at org.testng.SuiteRunner.runSequentially(SuiteRunner.java:375)
	at org.testng.SuiteRunner.privateRun(SuiteRunner.java:340)
	at org.testng.SuiteRunner.run(SuiteRunner.java:289)
	at org.testng.SuiteRunnerWorker.runSuite(SuiteRunnerWorker.java:52)
	at org.testng.SuiteRunnerWorker.run(SuiteRunnerWorker.java:86)
	at org.testng.TestNG.runSuitesSequentially(TestNG.java:1301)
	at org.testng.TestNG.runSuitesLocally(TestNG.java:1226)
	at org.testng.TestNG.runSuites(TestNG.java:1144)
	at org.testng.TestNG.run(TestNG.java:1115)
	at org.testng.remote.AbstractRemoteTestNG.run(AbstractRemoteTestNG.java:132)
	at org.testng.remote.RemoteTestNG.initAndRun(RemoteTestNG.java:230)
	at org.testng.remote.RemoteTestNG.main(RemoteTestNG.java:76)

</div> <!-- stack-trace -->
                </div> <!-- method-content -->
              </div> <!-- method -->
            </div> <!-- main-panel-content rounded-window-bottom -->
          </div> <!-- suite-Default_suite-class-failed -->
          <div class="suite-Default_suite-class-passed">
            <div class="main-panel-header rounded-window-top">
              <img src="passed.png"/>
              <span class="class-name">CarInsurance_Testcases.TCGetCarQuote</span>
            </div> <!-- main-panel-header rounded-window-top -->
            <div class="main-panel-content rounded-window-bottom">
              <div class="method">
                <div class="method-content">
                  <a name="GetInusranceQuote({Driver Age=45, Driver Gender=Female, Email ID=manju@gmail.com, State=1, Year=2000, TestCase.No=1, M...)">
                  </a> <!-- GetInusranceQuote({Driver Age=45, Driver Gender=Female, Email ID=manju@gmail.com, State=1, Year=2000, TestCase.No=1, M...) -->
                  <span class="method-name">GetInusranceQuote</span>
                  <span class="parameters">({Driver Age=45, Driver Gender=Female, Email ID=manju@gmail.com, State=1, Year=2000, TestCase.No=1, Make=1})</span>
                </div> <!-- method-content -->
              </div> <!-- method -->
              <div class="method">
                <div class="method-content">
                  <a name="GetInusranceQuote({Driver Age=27, Driver Gender=Male, Email ID=appu@gmail.com, State=3, Year=2011, TestCase.No=12, Mak...)">
                  </a> <!-- GetInusranceQuote({Driver Age=27, Driver Gender=Male, Email ID=appu@gmail.com, State=3, Year=2011, TestCase.No=12, Mak...) -->
                  <span class="method-name">GetInusranceQuote</span>
                  <span class="parameters">({Driver Age=27, Driver Gender=Male, Email ID=appu@gmail.com, State=3, Year=2011, TestCase.No=12, Make=2})</span>
                </div> <!-- method-content -->
              </div> <!-- method -->
            </div> <!-- main-panel-content rounded-window-bottom -->
          </div> <!-- suite-Default_suite-class-passed -->
        </div> <!-- panel Default_suite -->
        <div panel-name="test-xml-Default_suite" class="panel">
          <div class="main-panel-header rounded-window-top">
            <span class="header-content">C:\Users\DineshKumar\AppData\Local\Temp\testng-eclipse--1969613606\testng-customsuite.xml</span>
          </div> <!-- main-panel-header rounded-window-top -->
          <div class="main-panel-content rounded-window-bottom">
            <pre>
&lt;?xml version=&quot;1.0&quot; encoding=&quot;UTF-8&quot;?&gt;
&lt;!DOCTYPE suite SYSTEM &quot;http://testng.org/testng-1.0.dtd&quot;&gt;
&lt;suite guice-stage=&quot;DEVELOPMENT&quot; name=&quot;Default suite&quot;&gt;
  &lt;test verbose=&quot;2&quot; name=&quot;Default test&quot;&gt;
    &lt;classes&gt;
      &lt;class name=&quot;CarInsurance_Testcases.TCGetCarQuote&quot;/&gt;
    &lt;/classes&gt;
  &lt;/test&gt; &lt;!-- Default test --&gt;
&lt;/suite&gt; &lt;!-- Default suite --&gt;
            </pre>
          </div> <!-- main-panel-content rounded-window-bottom -->
        </div> <!-- panel -->
        <div panel-name="testlist-Default_suite" class="panel">
          <div class="main-panel-header rounded-window-top">
            <span class="header-content">Tests for Default suite</span>
          </div> <!-- main-panel-header rounded-window-top -->
          <div class="main-panel-content rounded-window-bottom">
            <ul>
              <li>
                <span class="test-name">Default test (1 class)</span>
              </li>
            </ul>
          </div> <!-- main-panel-content rounded-window-bottom -->
        </div> <!-- panel -->
        <div panel-name="group-Default_suite" class="panel">
          <div class="main-panel-header rounded-window-top">
            <span class="header-content">Groups for Default suite</span>
          </div> <!-- main-panel-header rounded-window-top -->
          <div class="main-panel-content rounded-window-bottom">
          </div> <!-- main-panel-content rounded-window-bottom -->
        </div> <!-- panel -->
        <div panel-name="times-Default_suite" class="panel">
          <div class="main-panel-header rounded-window-top">
            <span class="header-content">Times for Default suite</span>
          </div> <!-- main-panel-header rounded-window-top -->
          <div class="main-panel-content rounded-window-bottom">
            <div class="times-div">
              <script type="text/javascript">
suiteTableInitFunctions.push('tableData_Default_suite');
function tableData_Default_suite() {
var data = new google.visualization.DataTable();
data.addColumn('number', 'Number');
data.addColumn('string', 'Method');
data.addColumn('string', 'Class');
data.addColumn('number', 'Time (ms)');
data.addRows(12);
data.setCell(0, 0, 0)
data.setCell(0, 1, 'GetInusranceQuote')
data.setCell(0, 2, 'CarInsurance_Testcases.TCGetCarQuote')
data.setCell(0, 3, 35173);
data.setCell(1, 0, 1)
data.setCell(1, 1, 'GetInusranceQuote')
data.setCell(1, 2, 'CarInsurance_Testcases.TCGetCarQuote')
data.setCell(1, 3, 14706);
data.setCell(2, 0, 2)
data.setCell(2, 1, 'GetInusranceQuote')
data.setCell(2, 2, 'CarInsurance_Testcases.TCGetCarQuote')
data.setCell(2, 3, 8905);
data.setCell(3, 0, 3)
data.setCell(3, 1, 'GetInusranceQuote')
data.setCell(3, 2, 'CarInsurance_Testcases.TCGetCarQuote')
data.setCell(3, 3, 7849);
data.setCell(4, 0, 4)
data.setCell(4, 1, 'GetInusranceQuote')
data.setCell(4, 2, 'CarInsurance_Testcases.TCGetCarQuote')
data.setCell(4, 3, 7534);
data.setCell(5, 0, 5)
data.setCell(5, 1, 'GetInusranceQuote')
data.setCell(5, 2, 'CarInsurance_Testcases.TCGetCarQuote')
data.setCell(5, 3, 7362);
data.setCell(6, 0, 6)
data.setCell(6, 1, 'GetInusranceQuote')
data.setCell(6, 2, 'CarInsurance_Testcases.TCGetCarQuote')
data.setCell(6, 3, 7188);
data.setCell(7, 0, 7)
data.setCell(7, 1, 'GetInusranceQuote')
data.setCell(7, 2, 'CarInsurance_Testcases.TCGetCarQuote')
data.setCell(7, 3, 6736);
data.setCell(8, 0, 8)
data.setCell(8, 1, 'GetInusranceQuote')
data.setCell(8, 2, 'CarInsurance_Testcases.TCGetCarQuote')
data.setCell(8, 3, 6696);
data.setCell(9, 0, 9)
data.setCell(9, 1, 'GetInusranceQuote')
data.setCell(9, 2, 'CarInsurance_Testcases.TCGetCarQuote')
data.setCell(9, 3, 6582);
data.setCell(10, 0, 10)
data.setCell(10, 1, 'GetInusranceQuote')
data.setCell(10, 2, 'CarInsurance_Testcases.TCGetCarQuote')
data.setCell(10, 3, 5786);
data.setCell(11, 0, 11)
data.setCell(11, 1, 'GetInusranceQuote')
data.setCell(11, 2, 'CarInsurance_Testcases.TCGetCarQuote')
data.setCell(11, 3, 3178);
window.suiteTableData['Default_suite']= { tableData: data, tableDiv: 'times-div-Default_suite'}
return data;
}
              </script>
              <span class="suite-total-time">Total running time: 1 minutes</span>
              <div id="times-div-Default_suite">
              </div> <!-- times-div-Default_suite -->
            </div> <!-- times-div -->
          </div> <!-- main-panel-content rounded-window-bottom -->
        </div> <!-- panel -->
        <div panel-name="reporter-Default_suite" class="panel">
          <div class="main-panel-header rounded-window-top">
            <span class="header-content">Reporter output for Default suite</span>
          </div> <!-- main-panel-header rounded-window-top -->
          <div class="main-panel-content rounded-window-bottom">
            <div class="reporter-method-div">
              <span class="reporter-method-name">GetInusranceQuote({Driver Age=45, Driver Gender=Female, Email ID=manju@gmail.com, State=1, Year=2000, TestCase.No=1, M...)</span>
              <div class="reporter-method-output-div">
                <span class="reporter-method-output">Test is passed. The Premium amount is : $91.97</span>
              </div> <!-- reporter-method-output-div -->
            </div> <!-- reporter-method-div -->
            <div class="reporter-method-div">
              <span class="reporter-method-name">GetInusranceQuote({Driver Age=27, Driver Gender=Male, Email ID=appu@gmail.com, State=3, Year=2011, TestCase.No=12, Mak...)</span>
              <div class="reporter-method-output-div">
                <span class="reporter-method-output">Test is passed. The Premium amount is : $73.18</span>
              </div> <!-- reporter-method-output-div -->
            </div> <!-- reporter-method-div -->
          </div> <!-- main-panel-content rounded-window-bottom -->
        </div> <!-- panel -->
        <div panel-name="ignored-methods-Default_suite" class="panel">
          <div class="main-panel-header rounded-window-top">
            <span class="header-content">0 ignored methods</span>
          </div> <!-- main-panel-header rounded-window-top -->
          <div class="main-panel-content rounded-window-bottom">
          </div> <!-- main-panel-content rounded-window-bottom -->
        </div> <!-- panel -->
        <div panel-name="chronological-Default_suite" class="panel">
          <div class="main-panel-header rounded-window-top">
            <span class="header-content">Methods in chronological order</span>
          </div> <!-- main-panel-header rounded-window-top -->
          <div class="main-panel-content rounded-window-bottom">
            <div class="chronological-class">
              <div class="chronological-class-name">CarInsurance_Testcases.TCGetCarQuote</div> <!-- chronological-class-name -->
              <div class="test-method">
                <span class="method-name">GetInusranceQuote({Driver Age=45, Driver Gender=Female, Email ID=manju@gmail.com, State=1, Year=2000, TestCase.No=1, M...)</span>
                <span class="method-start">0 ms</span>
              </div> <!-- test-method -->
              <div class="test-method">
                <img src="failed.png">
                </img>
                <span class="method-name">GetInusranceQuote({Driver Age=234, Driver Gender=male, Email ID=mju@gmail.com, State=3, Year=2012, TestCase.No=2, Make...)</span>
                <span class="method-start">14710 ms</span>
              </div> <!-- test-method -->
              <div class="test-method">
                <img src="failed.png">
                </img>
                <span class="method-name">GetInusranceQuote({Driver Age=23, Driver Gender=Female, Email ID=manju@gmail.com, State=2, Year=1920, TestCase.No=3, M...)</span>
                <span class="method-start">22301 ms</span>
              </div> <!-- test-method -->
              <div class="test-method">
                <img src="failed.png">
                </img>
                <span class="method-name">GetInusranceQuote({Driver Age=12, Driver Gender=Male, Email ID=abc@gmail.com, State=4, Year=1985, TestCase.No=4, Make=...)</span>
                <span class="method-start">29667 ms</span>
              </div> <!-- test-method -->
              <div class="test-method">
                <img src="failed.png">
                </img>
                <span class="method-name">GetInusranceQuote({Driver Age=35, Driver Gender=Female, Email ID=manjugmail.com, State=5, Year=2014, TestCase.No=5, Ma...)</span>
                <span class="method-start">37521 ms</span>
              </div> <!-- test-method -->
              <div class="test-method">
                <img src="failed.png">
                </img>
                <span class="method-name">GetInusranceQuote({Driver Age=123, Driver Gender=male, Email ID=abc123@gmail.com, State=4, Year=abc, TestCase.No=6, Ma...)</span>
                <span class="method-start">40700 ms</span>
              </div> <!-- test-method -->
              <div class="test-method">
                <img src="failed.png">
                </img>
                <span class="method-name">GetInusranceQuote({Driver Age=0, Driver Gender=male, Email ID=abc@abc.com, State=2, Year=0, TestCase.No=7, Make=1})</span>
                <span class="method-start">47398 ms</span>
              </div> <!-- test-method -->
              <div class="test-method">
                <img src="failed.png">
                </img>
                <span class="method-name">GetInusranceQuote({Driver Age=xxx, Driver Gender=Female, Email ID=xyz@abc.com, State=1, Year=1200, TestCase.No=8, Make...)</span>
                <span class="method-start">54137 ms</span>
              </div> <!-- test-method -->
              <div class="test-method">
                <img src="failed.png">
                </img>
                <span class="method-name">GetInusranceQuote({Driver Age=30, Driver Gender=Female, Email ID=abc@xyz.com, State=4, Year=, TestCase.No=9, Make=3})</span>
                <span class="method-start">89314 ms</span>
              </div> <!-- test-method -->
              <div class="test-method">
                <img src="failed.png">
                </img>
                <span class="method-name">GetInusranceQuote({Driver Age=33, Driver Gender=male, Email ID=, State=2, Year=2012, TestCase.No=10, Make=5})</span>
                <span class="method-start">95898 ms</span>
              </div> <!-- test-method -->
              <div class="test-method">
                <img src="failed.png">
                </img>
                <span class="method-name">GetInusranceQuote({Driver Age=20, Driver Gender=Female, Email ID=xyzabc@xyzabc.com, State=4, Year=, TestCase.No=11, Ma...)</span>
                <span class="method-start">101687 ms</span>
              </div> <!-- test-method -->
              <div class="test-method">
                <span class="method-name">GetInusranceQuote({Driver Age=27, Driver Gender=Male, Email ID=appu@gmail.com, State=3, Year=2011, TestCase.No=12, Mak...)</span>
                <span class="method-start">108877 ms</span>
              </div> <!-- test-method -->
              <div class="configuration-test after">
                <span class="method-name">TearDown</span>
                <span class="method-start">117787 ms</span>
              </div> <!-- configuration-test after -->
          </div> <!-- main-panel-content rounded-window-bottom -->
        </div> <!-- panel -->
      </div> <!-- main-panel-root -->
    </div> <!-- wrapper -->
  </body>
</html>
